180926 16:05:27 mysqld_safe Starting mysqld daemon with databases from /var/lib/mysql
2018-09-26 16:05:27 140393016603200 [Note] /usr/sbin/mysqld (mysqld 10.1.26-MariaDB-0+deb9u1) starting as process 443 ...
2018-09-26 16:05:27 7fafcbe23240 InnoDB: Warning: Using innodb_additional_mem_pool_size is DEPRECATED. This option may be removed in future releases, together with the option innodb_use_sys_malloc and with the InnoDB's internal memory allocator.
2018-09-26 16:05:27 140393016603200 [Note] InnoDB: Using mutexes to ref count buffer pool pages
2018-09-26 16:05:27 140393016603200 [Note] InnoDB: The InnoDB memory heap is disabled
2018-09-26 16:05:27 140393016603200 [Note] InnoDB: Mutexes and rw_locks use GCC atomic builtins
2018-09-26 16:05:27 140393016603200 [Note] InnoDB: GCC builtin __atomic_thread_fence() is used for memory barrier
2018-09-26 16:05:27 140393016603200 [Note] InnoDB: Compressed tables use zlib 1.2.8
2018-09-26 16:05:27 140393016603200 [Note] InnoDB: Using Linux native AIO
2018-09-26 16:05:27 140393016603200 [Note] InnoDB: Using SSE crc32 instructions
2018-09-26 16:05:27 140393016603200 [Note] InnoDB: Initializing buffer pool, size = 2.0G
2018-09-26 16:05:27 140393016603200 [Note] InnoDB: Completed initialization of buffer pool
2018-09-26 16:05:27 140393016603200 [Note] InnoDB: Highest supported file format is Barracuda.
2018-09-26 16:05:28 140393016603200 [Note] InnoDB: 128 rollback segment(s) are active.
2018-09-26 16:05:28 140393016603200 [Note] InnoDB: Waiting for purge to start
2018-09-26 16:05:28 140393016603200 [Note] InnoDB:  Percona XtraDB (http://www.percona.com) 5.6.36-82.1 started; log sequence number 1616829
2018-09-26 16:05:28 140387737892608 [Note] InnoDB: Dumping buffer pool(s) not yet started
2018-09-26 16:05:28 140393016603200 [Note] Plugin 'FEEDBACK' is disabled.
2018-09-26 16:05:28 140393016603200 [Note] Server socket created on IP: '0.0.0.0'.
2018-09-26 16:05:28 140393016603200 [ERROR] Can't start server : Bind on unix socket: Permission denied
2018-09-26 16:05:28 140393016603200 [ERROR] Do you already have another mysqld server running on socket: /var/run/mysqld/mysqld.sock ?
2018-09-26 16:05:28 140393016603200 [ERROR] Aborting

180926 16:05:31 mysqld_safe mysqld from pid file /var/run/mysqld/mysqld.pid ended
180926 16:05:50 mysqld_safe Starting mysqld daemon with databases from /var/lib/mysql
2018-09-26 16:05:51 139675315978816 [Note] /usr/sbin/mysqld (mysqld 10.1.26-MariaDB-0+deb9u1) starting as process 441 ...
2018-09-26 16:05:51 7f08b197c240 InnoDB: Warning: Using innodb_additional_mem_pool_size is DEPRECATED. This option may be removed in future releases, together with the option innodb_use_sys_malloc and with the InnoDB's internal memory allocator.
2018-09-26 16:05:51 139675315978816 [Note] InnoDB: Using mutexes to ref count buffer pool pages
2018-09-26 16:05:51 139675315978816 [Note] InnoDB: The InnoDB memory heap is disabled
2018-09-26 16:05:51 139675315978816 [Note] InnoDB: Mutexes and rw_locks use GCC atomic builtins
2018-09-26 16:05:51 139675315978816 [Note] InnoDB: GCC builtin __atomic_thread_fence() is used for memory barrier
2018-09-26 16:05:51 139675315978816 [Note] InnoDB: Compressed tables use zlib 1.2.8
2018-09-26 16:05:51 139675315978816 [Note] InnoDB: Using Linux native AIO
2018-09-26 16:05:51 139675315978816 [Note] InnoDB: Using SSE crc32 instructions
2018-09-26 16:05:51 139675315978816 [Note] InnoDB: Initializing buffer pool, size = 2.0G
2018-09-26 16:05:51 139675315978816 [Note] InnoDB: Completed initialization of buffer pool
2018-09-26 16:05:51 139675315978816 [Note] InnoDB: Highest supported file format is Barracuda.
2018-09-26 16:05:51 139675315978816 [Note] InnoDB: 128 rollback segment(s) are active.
2018-09-26 16:05:51 139675315978816 [Note] InnoDB: Waiting for purge to start
2018-09-26 16:05:51 139675315978816 [Note] InnoDB:  Percona XtraDB (http://www.percona.com) 5.6.36-82.1 started; log sequence number 1616879
2018-09-26 16:05:51 139670037952256 [Note] InnoDB: Dumping buffer pool(s) not yet started
2018-09-26 16:05:51 139675315978816 [Note] Plugin 'FEEDBACK' is disabled.
2018-09-26 16:05:52 139675315978816 [Note] Server socket created on IP: '0.0.0.0'.
2018-09-26 16:05:52 139675315978816 [ERROR] Can't start server : Bind on unix socket: Permission denied
2018-09-26 16:05:52 139675315978816 [ERROR] Do you already have another mysqld server running on socket: /var/run/mysqld/mysqld.sock ?
2018-09-26 16:05:52 139675315978816 [ERROR] Aborting

180926 16:05:55 mysqld_safe mysqld from pid file /var/run/mysqld/mysqld.pid ended
180926 16:07:23 mysqld_safe Starting mysqld daemon with databases from /var/lib/mysql
2018-09-26 16:07:23 140356153610816 [Note] /usr/sbin/mysqld (mysqld 10.1.26-MariaDB-0+deb9u1) starting as process 293 ...
2018-09-26 16:07:23 7fa736ad9240 InnoDB: Warning: Using innodb_additional_mem_pool_size is DEPRECATED. This option may be removed in future releases, together with the option innodb_use_sys_malloc and with the InnoDB's internal memory allocator.
2018-09-26 16:07:24 140356153610816 [Note] InnoDB: Using mutexes to ref count buffer pool pages
2018-09-26 16:07:24 140356153610816 [Note] InnoDB: The InnoDB memory heap is disabled
2018-09-26 16:07:24 140356153610816 [Note] InnoDB: Mutexes and rw_locks use GCC atomic builtins
2018-09-26 16:07:24 140356153610816 [Note] InnoDB: GCC builtin __atomic_thread_fence() is used for memory barrier
2018-09-26 16:07:24 140356153610816 [Note] InnoDB: Compressed tables use zlib 1.2.8
2018-09-26 16:07:24 140356153610816 [Note] InnoDB: Using Linux native AIO
2018-09-26 16:07:24 140356153610816 [Note] InnoDB: Using SSE crc32 instructions
2018-09-26 16:07:24 140356153610816 [Note] InnoDB: Initializing buffer pool, size = 2.0G
2018-09-26 16:07:24 140356153610816 [Note] InnoDB: Completed initialization of buffer pool
2018-09-26 16:07:24 140356153610816 [Note] InnoDB: Highest supported file format is Barracuda.
2018-09-26 16:07:24 140356153610816 [Note] InnoDB: 128 rollback segment(s) are active.
2018-09-26 16:07:24 140356153610816 [Note] InnoDB: Waiting for purge to start
2018-09-26 16:07:24 140356153610816 [Note] InnoDB:  Percona XtraDB (http://www.percona.com) 5.6.36-82.1 started; log sequence number 1616945
2018-09-26 16:07:24 140350895126272 [Note] InnoDB: Dumping buffer pool(s) not yet started
2018-09-26 16:07:24 140356153610816 [Note] Plugin 'FEEDBACK' is disabled.
2018-09-26 16:07:24 140356153610816 [Note] Recovering after a crash using tc.log
2018-09-26 16:07:24 140356153610816 [Note] Starting crash recovery...
2018-09-26 16:07:24 140356153610816 [Note] Crash recovery finished.
2018-09-26 16:07:24 140356153610816 [Note] Server socket created on IP: '0.0.0.0'.
2018-09-26 16:07:24 140356153610816 [Note] /usr/sbin/mysqld: ready for connections.
Version: '10.1.26-MariaDB-0+deb9u1'  socket: '/var/run/mysqld/mysqld.sock'  port: 3306  Debian 9.1
2018-09-26 16:07:56 140356152526592 [Warning] IP address '172.18.0.1' could not be resolved: Name or service not known
